2025-10-26 17:57:52,218 - root - INFO - 🚀 Запуск ULTIMATE C/C++ Static Analyzer...
2025-10-26 17:57:52,219 - root - INFO - 📊 Используется процессов: 16
2025-10-26 17:57:52,219 - root - INFO - 🔍 Анализ безопасности: ВКЛ
2025-10-26 17:57:52,219 - root - INFO - ⚡ Анализ производительности: ВКЛ
2025-10-26 17:57:52,229 - __main__ - INFO - Найдено 24 исходных файлов
2025-10-26 17:57:52,230 - __main__ - INFO - Запуск анализа 24 файлов с 8 процессами...
2025-10-26 17:57:52,257 - __main__ - ERROR - Ошибка в _semantic_analysis для src/db/mongo_ops.h: '>' not supported between instances of 'tuple' and 'int'
2025-10-26 17:57:52,258 - __main__ - ERROR - Ошибка в _semantic_analysis для src/db/mongo_client.h: '>' not supported between instances of 'tuple' and 'int'
2025-10-26 17:57:52,337 - __main__ - ERROR - Ошибка в _semantic_analysis для src/main.c: '>' not supported between instances of 'tuple' and 'int'
2025-10-26 17:57:52,360 - __main__ - WARNING - Clang анализ не удался для src/db/mongo_ops.h: Error parsing translation unit.
2025-10-26 17:57:52,361 - __main__ - WARNING - Clang анализ не удался для src/crypto/aes_gcm.h: Error parsing translation unit.
2025-10-26 17:57:52,360 - __main__ - WARNING - Clang анализ не удался для src/db/mongo_client.h: Error parsing translation unit.
2025-10-26 17:57:52,361 - __main__ - WARNING - Clang анализ не удался для src/utils/fs.h: Error parsing translation unit.
2025-10-26 17:57:52,361 - __main__ - WARNING - Clang анализ не удался для src/common/hash_utils.h: Error parsing translation unit.
2025-10-26 17:57:52,360 - __main__ - WARNING - Clang анализ не удался для src/utils/mime.h: Error parsing translation unit.
2025-10-26 17:57:52,362 - __main__ - WARNING - Clang анализ не удался для src/core/inotify_watcher.h: Error parsing translation unit.
2025-10-26 17:57:52,365 - __main__ - WARNING - Clang анализ не удался для src/main.c: Error parsing translation unit.
2025-10-26 17:57:52,367 - __main__ - WARNING - Clang анализ не удался для src/core/inotify_watcher.c: Error parsing translation unit.
2025-10-26 17:57:52,367 - __main__ - WARNING - Clang анализ не удался для src/utils/fs.c: Error parsing translation unit.
2025-10-26 17:57:52,368 - __main__ - WARNING - Clang анализ не удался для src/net/signal_sender.c: Error parsing translation unit.
2025-10-26 17:57:52,369 - __main__ - INFO - Проанализировано 10/24 файлов
2025-10-26 17:57:52,369 - __main__ - ERROR - Ошибка в _semantic_analysis для src/server/test.c: '>' not supported between instances of 'tuple' and 'int'
2025-10-26 17:57:52,370 - __main__ - WARNING - Clang анализ не удался для src/utils/mime.c: Error parsing translation unit.
2025-10-26 17:57:52,371 - __main__ - WARNING - Clang анализ не удался для src/server/test.c: Error parsing translation unit.
2025-10-26 17:57:52,372 - __main__ - ERROR - Ошибка в _semantic_analysis для src/db/test_mongo.c: '>' not supported between instances of 'tuple' and 'int'
2025-10-26 17:57:52,373 - __main__ - WARNING - Clang анализ не удался для src/db/test_mongo.c: Error parsing translation unit.
2025-10-26 17:57:52,375 - __main__ - WARNING - Clang анализ не удался для src/utils/utils.c: Error parsing translation unit.
2025-10-26 17:57:52,379 - __main__ - WARNING - Clang анализ не удался для src/crypto/aes_gcm.c: Error parsing translation unit.
2025-10-26 17:57:52,383 - __main__ - WARNING - Clang анализ не удался для src/common/hash_utils.c: Error parsing translation unit.
2025-10-26 17:57:52,396 - __main__ - ERROR - Ошибка в _semantic_analysis для src/db/mongo_client.c: '>' not supported between instances of 'tuple' and 'int'
2025-10-26 17:57:52,397 - __main__ - WARNING - Clang анализ не удался для src/db/mongo_client.c: Error parsing translation unit.
2025-10-26 17:57:52,410 - __main__ - ERROR - Ошибка в _semantic_analysis для src/db/mongo_ops_server.c: '>' not supported between instances of 'tuple' and 'int'
2025-10-26 17:57:52,412 - __main__ - WARNING - Clang анализ не удался для src/db/mongo_ops_server.c: Error parsing translation unit.
2025-10-26 17:57:52,441 - __main__ - ERROR - Ошибка в _semantic_analysis для src/db/mongo_ops.c: '>' not supported between instances of 'tuple' and 'int'
2025-10-26 17:57:52,444 - __main__ - WARNING - Clang анализ не удался для src/db/mongo_ops.c: Error parsing translation unit.
2025-10-26 17:57:52,445 - __main__ - INFO - Проанализировано 20/24 файлов
2025-10-26 17:57:52,447 - __main__ - ERROR - Ошибка в _semantic_analysis для src/client/client.c: '>' not supported between instances of 'tuple' and 'int'
2025-10-26 17:57:52,449 - __main__ - WARNING - Clang анализ не удался для src/client/client.c: Error parsing translation unit.
2025-10-26 17:57:52,456 - __main__ - WARNING - Clang анализ не удался для src/crypto/crypto_decrypt_aes_gcm.c: Error parsing translation unit.
2025-10-26 17:57:52,468 - __main__ - ERROR - Ошибка в _semantic_analysis для src/server/server.c: '>' not supported between instances of 'tuple' and 'int'
2025-10-26 17:57:52,471 - __main__ - ERROR - Ошибка в _semantic_analysis для src/client/code.c: '>' not supported between instances of 'tuple' and 'int'
2025-10-26 17:57:52,471 - __main__ - WARNING - Clang анализ не удался для src/server/server.c: Error parsing translation unit.
2025-10-26 17:57:52,472 - __main__ - WARNING - Clang анализ не удался для src/client/code.c: Error parsing translation unit.
